<?xml version="1.0" encoding="UTF-8"?>
<testsuite name="pl.edu.mimuw.MatrixNormTest$NormInfinityTest" tests="8" skipped="0" failures="0" errors="0" timestamp="2022-05-17T18:55:14" hostname="papryk" time="0.333">
  <properties/>
  <testcase name="testVector()" classname="pl.edu.mimuw.MatrixNormTest$NormInfinityTest" time="0.164"/>
  <testcase name="testDiagonal()" classname="pl.edu.mimuw.MatrixNormTest$NormInfinityTest" time="0.024"/>
  <testcase name="testSparseMatrices()" classname="pl.edu.mimuw.MatrixNormTest$NormInfinityTest" time="0.021"/>
  <testcase name="testFullMatrices()" classname="pl.edu.mimuw.MatrixNormTest$NormInfinityTest" time="0.016"/>
  <testcase name="testconstant()" classname="pl.edu.mimuw.MatrixNormTest$NormInfinityTest" time="0.002"/>
  <testcase name="testrow()" classname="pl.edu.mimuw.MatrixNormTest$NormInfinityTest" time="0.029"/>
  <testcase name="testcolumn()" classname="pl.edu.mimuw.MatrixNormTest$NormInfinityTest" time="0.016"/>
  <testcase name="testAntiDiagonal()" classname="pl.edu.mimuw.MatrixNormTest$NormInfinityTest" time="0.014"/>
  <system-out><![CDATA[]]></system-out>
  <system-err><![CDATA[]]></system-err>
</testsuite>
